This is pdfTeX, Version 3.14159265-2.6-1.40.20 (MiKTeX 2.9.7140 64-bit) (preloaded format=pdflatex 2019.9.24)  26 SEP 2019 17:05
entering extended mode
**./report2.tex
(report2.tex
LaTeX2e <2018-12-01>
("D:\Users\dylan\AppData\Local\Programs\MiKTeX 2.9\tex/latex/base\report.cls"
Document Class: report 2018/09/03 v1.4i Standard LaTeX document class
("D:\Users\dylan\AppData\Local\Programs\MiKTeX 2.9\tex/latex/base\size12.clo"
File: size12.clo 2018/09/03 v1.4i Standard LaTeX file (size option)
)
\c@part=\count80
\c@chapter=\count81
\c@section=\count82
\c@subsection=\count83
\c@subsubsection=\count84
\c@paragraph=\count85
\c@subparagraph=\count86
\c@figure=\count87
\c@table=\count88
\abovecaptionskip=\skip41
\belowcaptionskip=\skip42
\bibindent=\dimen102
) ("D:\Users\dylan\AppData\Local\Programs\MiKTeX 2.9\tex/latex/float\float.sty"
Package: float 2001/11/08 v1.3d Float enhancements (AL)
\c@float@type=\count89
\float@exts=\toks14
\float@box=\box27
\@float@everytoks=\toks15
\@floatcapt=\box28
)
("D:\Users\dylan\AppData\Local\Programs\MiKTeX 2.9\tex/latex/amsmath\amsmath.st
y"
Package: amsmath 2018/12/01 v2.17b AMS math features
\@mathmargin=\skip43

For additional information on amsmath, use the `?' option.

("D:\Users\dylan\AppData\Local\Programs\MiKTeX 2.9\tex/latex/amsmath\amstext.st
y"
Package: amstext 2000/06/29 v2.01 AMS text

("D:\Users\dylan\AppData\Local\Programs\MiKTeX 2.9\tex/latex/amsmath\amsgen.sty
"
File: amsgen.sty 1999/11/30 v2.0 generic functions
\@emptytoks=\toks16
\ex@=\dimen103
))
("D:\Users\dylan\AppData\Local\Programs\MiKTeX 2.9\tex/latex/amsmath\amsbsy.sty
"
Package: amsbsy 1999/11/29 v1.2d Bold Symbols
\pmbraise@=\dimen104
)
("D:\Users\dylan\AppData\Local\Programs\MiKTeX 2.9\tex/latex/amsmath\amsopn.sty
"
Package: amsopn 2016/03/08 v2.02 operator names
)
\inf@bad=\count90
LaTeX Info: Redefining \frac on input line 223.
\uproot@=\count91
\leftroot@=\count92
LaTeX Info: Redefining \overline on input line 385.
\classnum@=\count93
\DOTSCASE@=\count94
LaTeX Info: Redefining \ldots on input line 482.
LaTeX Info: Redefining \dots on input line 485.
LaTeX Info: Redefining \cdots on input line 606.
\Mathstrutbox@=\box29
\strutbox@=\box30
\big@size=\dimen105
LaTeX Font Info:    Redeclaring font encoding OML on input line 729.
LaTeX Font Info:    Redeclaring font encoding OMS on input line 730.
\macc@depth=\count95
\c@MaxMatrixCols=\count96
\dotsspace@=\muskip10
\c@parentequation=\count97
\dspbrk@lvl=\count98
\tag@help=\toks17
\row@=\count99
\column@=\count100
\maxfields@=\count101
\andhelp@=\toks18
\eqnshift@=\dimen106
\alignsep@=\dimen107
\tagshift@=\dimen108
\tagwidth@=\dimen109
\totwidth@=\dimen110
\lineht@=\dimen111
\@envbody=\toks19
\multlinegap=\skip44
\multlinetaggap=\skip45
\mathdisplay@stack=\toks20
LaTeX Info: Redefining \[ on input line 2844.
LaTeX Info: Redefining \] on input line 2845.
) ("D:\Users\dylan\AppData\Local\Programs\MiKTeX 2.9\tex/latex/tools\bm.sty"
Package: bm 2017/01/16 v1.2c Bold Symbol Support (DPC/FMi)
\symboldoperators=\mathgroup4
\symboldletters=\mathgroup5
\symboldsymbols=\mathgroup6
LaTeX Font Info:    Redeclaring math alphabet \mathbf on input line 141.
LaTeX Info: Redefining \bm on input line 207.
)
("D:\Users\dylan\AppData\Local\Programs\MiKTeX 2.9\tex/latex/graphics\graphicx.
sty"
Package: graphicx 2017/06/01 v1.1a Enhanced LaTeX Graphics (DPC,SPQR)

("D:\Users\dylan\AppData\Local\Programs\MiKTeX 2.9\tex/latex/graphics\keyval.st
y"
Package: keyval 2014/10/28 v1.15 key=value parser (DPC)
\KV@toks@=\toks21
)
("D:\Users\dylan\AppData\Local\Programs\MiKTeX 2.9\tex/latex/graphics\graphics.
sty"
Package: graphics 2017/06/25 v1.2c Standard LaTeX Graphics (DPC,SPQR)

("D:\Users\dylan\AppData\Local\Programs\MiKTeX 2.9\tex/latex/graphics\trig.sty"
Package: trig 2016/01/03 v1.10 sin cos tan (DPC)
)
("D:\Users\dylan\AppData\Local\Programs\MiKTeX 2.9\tex/latex/graphics-cfg\graph
ics.cfg"
File: graphics.cfg 2016/06/04 v1.11 sample graphics configuration
)
Package graphics Info: Driver file: pdftex.def on input line 99.

("D:\Users\dylan\AppData\Local\Programs\MiKTeX 2.9\tex/latex/graphics-def\pdfte
x.def"
File: pdftex.def 2018/01/08 v1.0l Graphics/color driver for pdftex
))
\Gin@req@height=\dimen112
\Gin@req@width=\dimen113
)
("D:\Users\dylan\AppData\Local\Programs\MiKTeX 2.9\tex/latex/numprint\numprint.
sty"
Package: numprint 2012/08/20 v1.39 Print numbers (HH)

("D:\Users\dylan\AppData\Local\Programs\MiKTeX 2.9\tex/latex/tools\array.sty"
Package: array 2018/12/30 v2.4k Tabular extension package (FMi)
\col@sep=\dimen114
\ar@mcellbox=\box31
\extrarowheight=\dimen115
\NC@list=\toks22
\extratabsurround=\skip46
\backup@length=\skip47
\ar@cellbox=\box32
)
\c@nprt@mantissa@digitsbefore=\count102
\c@nprt@mantissa@digitsafter=\count103
\c@nprt@exponent@digitsbefore=\count104
\c@nprt@exponent@digitsafter=\count105
\nprt@digitwidth=\skip48
\nprt@sepwidth=\skip49
\nprt@decimalwidth=\skip50
\nprt@blockwidth=\skip51
\nprt@digittoks=\toks23
\nprt@pretoks=\toks24
\nprt@posttoks=\toks25
\nprt@thisdigit=\count106
\nprt@curpos=\count107
\nprt@rndpos=\count108
\c@nprt@digitsfirstblock=\count109
\c@nprt@blockcnt=\count110
\c@nprt@cntprint=\count111

No configuration file `numprint.cfg' found.) (report2.aux)
\openout1 = `report2.aux'.

LaTeX Font Info:    Checking defaults for OML/cmm/m/it on input line 4.
LaTeX Font Info:    ... okay on input line 4.
LaTeX Font Info:    Checking defaults for T1/cmr/m/n on input line 4.
LaTeX Font Info:    ... okay on input line 4.
LaTeX Font Info:    Checking defaults for OT1/cmr/m/n on input line 4.
LaTeX Font Info:    ... okay on input line 4.
LaTeX Font Info:    Checking defaults for OMS/cmsy/m/n on input line 4.
LaTeX Font Info:    ... okay on input line 4.
LaTeX Font Info:    Checking defaults for OMX/cmex/m/n on input line 4.
LaTeX Font Info:    ... okay on input line 4.
LaTeX Font Info:    Checking defaults for U/cmr/m/n on input line 4.
LaTeX Font Info:    ... okay on input line 4.

("D:\Users\dylan\AppData\Local\Programs\MiKTeX 2.9\tex/context/base/mkii\supp-p
df.mkii"
[Loading MPS to PDF converter (version 2006.09.02).]
\scratchcounter=\count112
\scratchdimen=\dimen116
\scratchbox=\box33
\nofMPsegments=\count113
\nofMParguments=\count114
\everyMPshowfont=\toks26
\MPscratchCnt=\count115
\MPscratchDim=\dimen117
\MPnumerator=\count116
\makeMPintoPDFobject=\count117
\everyMPtoPDFconversion=\toks27
)
("D:\Users\dylan\AppData\Local\Programs\MiKTeX 2.9\tex/latex/oberdiek\epstopdf-
base.sty"
Package: epstopdf-base 2016/05/15 v2.6 Base part for package epstopdf

("D:\Users\dylan\AppData\Local\Programs\MiKTeX 2.9\tex/generic/oberdiek\infware
rr.sty"
Package: infwarerr 2016/05/16 v1.4 Providing info/warning/error messages (HO)
)
("D:\Users\dylan\AppData\Local\Programs\MiKTeX 2.9\tex/latex/oberdiek\grfext.st
y"
Package: grfext 2016/05/16 v1.2 Manage graphics extensions (HO)

("D:\Users\dylan\AppData\Local\Programs\MiKTeX 2.9\tex/generic/oberdiek\kvdefin
ekeys.sty"
Package: kvdefinekeys 2016/05/16 v1.4 Define keys (HO)

("D:\Users\dylan\AppData\Local\Programs\MiKTeX 2.9\tex/generic/oberdiek\ltxcmds
.sty"
Package: ltxcmds 2016/05/16 v1.23 LaTeX kernel commands for general use (HO)
)))
("D:\Users\dylan\AppData\Local\Programs\MiKTeX 2.9\tex/latex/oberdiek\kvoptions
.sty"
Package: kvoptions 2016/05/16 v3.12 Key value format for package options (HO)

("D:\Users\dylan\AppData\Local\Programs\MiKTeX 2.9\tex/generic/oberdiek\kvsetke
ys.sty"
Package: kvsetkeys 2016/05/16 v1.17 Key value parser (HO)

("D:\Users\dylan\AppData\Local\Programs\MiKTeX 2.9\tex/generic/oberdiek\etexcmd
s.sty"
Package: etexcmds 2016/05/16 v1.6 Avoid name clashes with e-TeX commands (HO)

("D:\Users\dylan\AppData\Local\Programs\MiKTeX 2.9\tex/generic/oberdiek\ifluate
x.sty"
Package: ifluatex 2016/05/16 v1.4 Provides the ifluatex switch (HO)
Package ifluatex Info: LuaTeX not detected.
))))
("D:\Users\dylan\AppData\Local\Programs\MiKTeX 2.9\tex/generic/oberdiek\pdftexc
mds.sty"
Package: pdftexcmds 2019/07/25 v0.30 Utility functions of pdfTeX for LuaTeX (HO
)

("D:\Users\dylan\AppData\Local\Programs\MiKTeX 2.9\tex/generic/oberdiek\ifpdf.s
ty"
Package: ifpdf 2018/09/07 v3.3 Provides the ifpdf switch
)
Package pdftexcmds Info: LuaTeX not detected.
Package pdftexcmds Info: \pdf@primitive is available.
Package pdftexcmds Info: \pdf@ifprimitive is available.
Package pdftexcmds Info: \pdfdraftmode found.
)
Package epstopdf-base Info: Redefining graphics rule for `.eps' on input line 4
38.
Package grfext Info: Graphics extension search list:
(grfext)             [.pdf,.png,.jpg,.mps,.jpeg,.jbig2,.jb2,.PDF,.PNG,.JPG,.JPE
G,.JBIG2,.JB2,.eps]
(grfext)             \AppendGraphicsExtensions on input line 456.
) [1

{C:/Users/dylan/AppData/Local/MiKTeX/2.9/pdftex/config/pdftex.map}]
(report2.toc)
\tf@toc=\write3
\openout3 = `report2.toc'.

 [1

] [1] [2] [3]
Overfull \hbox (15.75659pt too wide) detected at line 80
\OML/cmm/m/it/12 M[] \OT1/cmr/m/n/12 = [] \OML/cmm/m/it/12 T[] \OT1/cmr/m/n/12 
= [] \OML/cmm/m/it/12 L[] \OT1/cmr/m/n/12 = []
 []

[4]
Package epstopdf Info: Source file: <results1.eps>
(epstopdf)                    date: 2019-09-26 16:53:42
(epstopdf)                    size: 24356 bytes
(epstopdf)             Output file: <results1-eps-converted-to.pdf>
(epstopdf)                    date: 2019-09-26 16:53:45
(epstopdf)                    size: 8415 bytes
(epstopdf)             Command: <epstopdf --outfile=results1-eps-converted-to.p
df results1.eps>
(epstopdf)             \includegraphics on input line 96.
Package epstopdf Info: Output file is already uptodate.


pdfTeX warning: miktex-pdftex.exe (file ./results1-eps-converted-to.pdf): PDF i
nclusion: found PDF version <1.7>, but at most version <1.5> allowed
<results1-eps-converted-to.pdf, id=37, 421.575pt x 316.18124pt>
File: results1-eps-converted-to.pdf Graphic file (type pdf)
<use results1-eps-converted-to.pdf>
Package pdftex.def Info: results1-eps-converted-to.pdf  used on input line 96.
(pdftex.def)             Requested size: 390.0pt x 292.50648pt.
[5]
Package epstopdf Info: Source file: <results2a.eps>
(epstopdf)                    date: 2019-09-26 16:59:20
(epstopdf)                    size: 23917 bytes
(epstopdf)             Output file: <results2a-eps-converted-to.pdf>
(epstopdf)                    date: 2019-09-26 17:00:52
(epstopdf)                    size: 7581 bytes
(epstopdf)             Command: <epstopdf --outfile=results2a-eps-converted-to.
pdf results2a.eps>
(epstopdf)             \includegraphics on input line 103.
Package epstopdf Info: Output file is already uptodate.


pdfTeX warning: miktex-pdftex.exe (file ./results2a-eps-converted-to.pdf): PDF 
inclusion: found PDF version <1.7>, but at most version <1.5> allowed
<results2a-eps-converted-to.pdf, id=42, 421.575pt x 316.18124pt>
File: results2a-eps-converted-to.pdf Graphic file (type pdf)
<use results2a-eps-converted-to.pdf>
Package pdftex.def Info: results2a-eps-converted-to.pdf  used on input line 103
.
(pdftex.def)             Requested size: 390.0pt x 292.50648pt.
[6 <./results1-eps-converted-to.pdf>]
Package epstopdf Info: Source file: <results2b.eps>
(epstopdf)                    date: 2019-09-26 16:59:29
(epstopdf)                    size: 23029 bytes
(epstopdf)             Output file: <results2b-eps-converted-to.pdf>
(epstopdf)                    date: 2019-09-26 17:00:53
(epstopdf)                    size: 7910 bytes
(epstopdf)             Command: <epstopdf --outfile=results2b-eps-converted-to.
pdf results2b.eps>
(epstopdf)             \includegraphics on input line 108.
Package epstopdf Info: Output file is already uptodate.


pdfTeX warning: miktex-pdftex.exe (file ./results2b-eps-converted-to.pdf): PDF 
inclusion: found PDF version <1.7>, but at most version <1.5> allowed
<results2b-eps-converted-to.pdf, id=51, 421.575pt x 316.18124pt>
File: results2b-eps-converted-to.pdf Graphic file (type pdf)
<use results2b-eps-converted-to.pdf>
Package pdftex.def Info: results2b-eps-converted-to.pdf  used on input line 108
.
(pdftex.def)             Requested size: 390.0pt x 292.50648pt.
[7 <./results2a-eps-converted-to.pdf>]
Package epstopdf Info: Source file: <results2c.eps>
(epstopdf)                    date: 2019-09-26 16:59:52
(epstopdf)                    size: 23466 bytes
(epstopdf)             Output file: <results2c-eps-converted-to.pdf>
(epstopdf)                    date: 2019-09-26 17:00:54
(epstopdf)                    size: 8366 bytes
(epstopdf)             Command: <epstopdf --outfile=results2c-eps-converted-to.
pdf results2c.eps>
(epstopdf)             \includegraphics on input line 113.
Package epstopdf Info: Output file is already uptodate.


pdfTeX warning: miktex-pdftex.exe (file ./results2c-eps-converted-to.pdf): PDF 
inclusion: found PDF version <1.7>, but at most version <1.5> allowed
<results2c-eps-converted-to.pdf, id=60, 421.575pt x 316.18124pt>
File: results2c-eps-converted-to.pdf Graphic file (type pdf)
<use results2c-eps-converted-to.pdf>
Package pdftex.def Info: results2c-eps-converted-to.pdf  used on input line 113
.
(pdftex.def)             Requested size: 390.0pt x 292.50648pt.
[8 <./results2b-eps-converted-to.pdf>] [9 <./results2c-eps-converted-to.pdf>]
(report2.aux) ) 
Here is how much of TeX's memory you used:
 2607 strings out of 492895
 37251 string characters out of 3123735
 115911 words of memory out of 3000000
 6480 multiletter control sequences out of 15000+200000
 16945 words of font info for 59 fonts, out of 3000000 for 9000
 1141 hyphenation exceptions out of 8191
 41i,10n,25p,1013b,233s stack positions out of 5000i,500n,10000p,200000b,50000s
<D:/Users/dylan/AppData/Local/Programs/MiKTeX 2.9/fonts/type1/pu
blic/amsfonts/cm/cmbx12.pfb><D:/Users/dylan/AppData/Local/Programs/MiKTeX 2.9/f
onts/type1/public/amsfonts/cm/cmex10.pfb><D:/Users/dylan/AppData/Local/Programs
/MiKTeX 2.9/fonts/type1/public/amsfonts/cm/cmmi10.pfb><D:/Users/dylan/AppData/L
ocal/Programs/MiKTeX 2.9/fonts/type1/public/amsfonts/cm/cmmi12.pfb><D:/Users/dy
lan/AppData/Local/Programs/MiKTeX 2.9/fonts/type1/public/amsfonts/cm/cmmi6.pfb>
<D:/Users/dylan/AppData/Local/Programs/MiKTeX 2.9/fonts/type1/public/amsfonts/c
m/cmmi7.pfb><D:/Users/dylan/AppData/Local/Programs/MiKTeX 2.9/fonts/type1/publi
c/amsfonts/cm/cmmi8.pfb><D:/Users/dylan/AppData/Local/Programs/MiKTeX 2.9/fonts
/type1/public/amsfonts/cm/cmmib10.pfb><D:/Users/dylan/AppData/Local/Programs/Mi
KTeX 2.9/fonts/type1/public/amsfonts/cm/cmr10.pfb><D:/Users/dylan/AppData/Local
/Programs/MiKTeX 2.9/fonts/type1/public/amsfonts/cm/cmr12.pfb><D:/Users/dylan/A
ppData/Local/Programs/MiKTeX 2.9/fonts/type1/public/amsfonts/cm/cmr17.pfb><D:/U
sers/dylan/AppData/Local/Programs/MiKTeX 2.9/fonts/type1/public/amsfonts/cm/cmr
6.pfb><D:/Users/dylan/AppData/Local/Programs/MiKTeX 2.9/fonts/type1/public/amsf
onts/cm/cmr7.pfb><D:/Users/dylan/AppData/Local/Programs/MiKTeX 2.9/fonts/type1/
public/amsfonts/cm/cmr8.pfb><D:/Users/dylan/AppData/Local/Programs/MiKTeX 2.9/f
onts/type1/public/amsfonts/cm/cmsy10.pfb><D:/Users/dylan/AppData/Local/Programs
/MiKTeX 2.9/fonts/type1/public/amsfonts/cm/cmsy8.pfb><D:/Users/dylan/AppData/Lo
cal/Programs/MiKTeX 2.9/fonts/type1/public/amsfonts/cm/cmti12.pfb>
Output written on report2.pdf (11 pages, 225708 bytes).
PDF statistics:
 130 PDF objects out of 1000 (max. 8388607)
 0 named destinations out of 1000 (max. 500000)
 21 words of extra memory for PDF output out of 10000 (max. 10000000)

